TN:
SF:./app/models/user.js
FN:35,(anonymous_0)
FN:43,(anonymous_1)
FN:48,(anonymous_2)
FN:57,(anonymous_3)
FN:63,(anonymous_4)
FN:68,(anonymous_5)
FN:78,(anonymous_6)
FN:82,(anonymous_7)
FN:90,(anonymous_8)
FN:114,(anonymous_9)
FN:125,(anonymous_10)
FN:137,(anonymous_11)
FN:164,(anonymous_12)
FN:171,(anonymous_13)
FN:182,(anonymous_14)
FN:196,(anonymous_15)
FNF:16
FNH:16
FNDA:0,(anonymous_0)
FNDA:0,(anonymous_1)
FNDA:0,(anonymous_2)
FNDA:0,(anonymous_3)
FNDA:0,(anonymous_4)
FNDA:0,(anonymous_5)
FNDA:0,(anonymous_6)
FNDA:0,(anonymous_7)
FNDA:0,(anonymous_8)
FNDA:0,(anonymous_9)
FNDA:0,(anonymous_10)
FNDA:0,(anonymous_11)
FNDA:0,(anonymous_12)
FNDA:0,(anonymous_13)
FNDA:0,(anonymous_14)
FNDA:0,(anonymous_15)
DA:7,1
DA:8,1
DA:9,1
DA:11,1
DA:13,1
DA:19,1
DA:28,1
DA:35,1
DA:41,1
DA:44,0
DA:45,0
DA:46,0
DA:49,0
DA:57,1
DA:58,0
DA:61,1
DA:64,0
DA:67,0
DA:68,0
DA:69,0
DA:71,0
DA:78,1
DA:79,0
DA:82,1
DA:83,0
DA:90,1
DA:91,0
DA:93,0
DA:94,0
DA:96,0
DA:104,1
DA:115,0
DA:126,0
DA:138,0
DA:139,0
DA:140,0
DA:145,0
DA:155,1
DA:165,0
DA:166,0
DA:172,0
DA:175,0
DA:176,0
DA:177,0
DA:178,0
DA:179,0
DA:183,0
DA:193,0
DA:197,0
DA:198,0
DA:206,0
DA:210,1
DA:213,1
LF:53
LH:18
BRDA:35,0,0,0
BRDA:35,0,1,0
BRDA:67,1,0,0
BRDA:67,1,1,0
BRDA:67,2,0,0
BRDA:67,2,1,0
BRDA:69,3,0,0
BRDA:69,3,1,0
BRDA:79,4,0,0
BRDA:79,4,1,0
BRDA:91,5,0,0
BRDA:91,5,1,0
BRDA:93,6,0,0
BRDA:93,6,1,0
BRDA:138,7,0,0
BRDA:138,7,1,0
BRDA:165,8,0,0
BRDA:165,8,1,0
BRF:18
BRH:0
end_of_record
TN:
SF:/Users/manmanliang/Project/team-13-spring18/app/module/users.js
FN:14,decodeToken
FN:15,(anonymous_1)
FN:16,(anonymous_2)
FN:26,generateJwtTokenForUser
FN:32,verifyMe
FN:53,getUser
FN:57,findUsersBySearch
FN:62,test
FNF:8
FNH:4
FNDA:1,decodeToken
FNDA:1,(anonymous_1)
FNDA:1,(anonymous_2)
FNDA:0,generateJwtTokenForUser
FNDA:0,verifyMe
FNDA:0,getUser
FNDA:0,findUsersBySearch
FNDA:1,test
DA:2,1
DA:3,1
DA:4,1
DA:6,1
DA:7,1
DA:15,1
DA:16,1
DA:17,1
DA:18,1
DA:21,1
DA:27,0
DA:33,0
DA:34,0
DA:35,0
DA:36,0
DA:40,0
DA:46,0
DA:54,0
DA:58,0
DA:59,0
DA:63,1
DA:66,1
LF:22
LH:12
BRDA:17,0,0,1
BRDA:17,0,1,0
BRDA:35,1,0,0
BRDA:35,1,1,0
BRF:4
BRH:1
end_of_record
TN:
SF:/Users/manmanliang/Project/team-13-spring18/config/index.js
FNF:0
FNH:0
DA:7,1
DA:9,1
DA:12,1
DA:14,1
DA:15,1
DA:16,1
DA:19,1
DA:27,1
LF:8
LH:8
BRDA:31,0,0,1
BRDA:31,0,1,0
BRF:2
BRH:1
end_of_record
TN:
SF:/Users/manmanliang/Project/team-13-spring18/config/util.js
FN:8,checkRequiredEnv
FN:13,(anonymous_1)
FNF:2
FNH:1
FNDA:1,checkRequiredEnv
FNDA:0,(anonymous_1)
DA:1,1
DA:3,1
DA:9,1
DA:10,1
DA:13,0
DA:14,0
DA:17,0
DA:18,0
DA:22,1
LF:9
LH:5
BRDA:9,0,0,1
BRDA:9,0,1,0
BRDA:9,1,0,1
BRDA:9,1,1,0
BRDA:17,2,0,0
BRDA:17,2,1,0
BRF:6
BRH:2
end_of_record
TN:
SF:/Users/manmanliang/Project/team-13-spring18/config/env/development.js
FNF:0
FNH:0
DA:7,1
LF:1
LH:1
BRF:0
BRH:0
end_of_record
TN:
SF:/Users/manmanliang/Project/team-13-spring18/config/env/production.js
FNF:0
FNH:0
DA:7,1
LF:1
LH:1
BRF:0
BRH:0
end_of_record
TN:
SF:/Users/manmanliang/Project/team-13-spring18/config/env/test.js
FNF:0
FNH:0
DA:7,1
LF:1
LH:1
BRF:0
BRH:0
end_of_record
