TN:
SF:/Users/manmanliang/Project/team-13-spring18/app/controllers/users.js
FN:16,(anonymous_0)
FN:55,(anonymous_1)
FN:69,(anonymous_2)
FN:88,(anonymous_3)
FNF:4
FNH:0
FNDA:0,(anonymous_0)
FNDA:0,(anonymous_1)
FNDA:0,(anonymous_2)
FNDA:0,(anonymous_3)
DA:2,1
DA:3,1
DA:4,1
DA:5,1
DA:6,1
DA:8,1
DA:9,1
DA:10,1
DA:12,1
DA:16,1
DA:17,0
DA:18,0
DA:20,0
DA:24,0
DA:26,0
DA:27,0
DA:30,0
DA:37,0
DA:38,0
DA:40,0
DA:44,0
DA:51,0
DA:55,1
DA:56,0
DA:57,0
DA:58,0
DA:61,0
DA:62,0
DA:63,0
DA:65,0
DA:69,1
DA:70,0
DA:71,0
DA:72,0
DA:73,0
DA:75,0
DA:76,0
DA:77,0
DA:79,0
DA:82,0
DA:84,0
DA:88,1
DA:89,0
DA:90,0
DA:91,0
DA:94,0
DA:97,0
DA:101,1
LF:48
LH:14
BRDA:26,0,0,0
BRDA:26,0,1,0
BRDA:57,1,0,0
BRDA:57,1,1,0
BRDA:72,2,0,0
BRDA:72,2,1,0
BRDA:76,3,0,0
BRDA:76,3,1,0
BRF:8
BRH:0
end_of_record
TN:
SF:/Users/manmanliang/Project/team-13-spring18/app/models/friend.js
FN:83,(anonymous_0)
FN:94,(anonymous_1)
FN:102,(anonymous_2)
FN:109,(anonymous_3)
FNF:4
FNH:4
FNDA:2,(anonymous_0)
FNDA:1,(anonymous_1)
FNDA:1,(anonymous_2)
FNDA:1,(anonymous_3)
DA:6,1
DA:7,1
DA:9,1
DA:11,1
DA:13,1
DA:14,1
DA:20,1
DA:38,1
DA:46,1
DA:53,1
DA:61,1
DA:64,1
DA:65,1
DA:76,1
DA:82,1
DA:84,2
DA:95,1
DA:99,1
DA:103,1
DA:110,1
DA:120,1
DA:124,1
DA:127,1
LF:23
LH:23
BRF:0
BRH:0
end_of_record
TN:
SF:/Users/manmanliang/Project/team-13-spring18/app/models/like.js
FN:46,(anonymous_0)
FN:48,(anonymous_1)
FN:60,(anonymous_2)
FN:79,(anonymous_3)
FN:91,(anonymous_4)
FNF:5
FNH:5
FNDA:3,(anonymous_0)
FNDA:1,(anonymous_1)
FNDA:3,(anonymous_2)
FNDA:1,(anonymous_3)
FNDA:1,(anonymous_4)
DA:7,1
DA:8,1
DA:9,1
DA:12,1
DA:14,1
DA:15,1
DA:17,1
DA:19,1
DA:26,1
DA:38,1
DA:46,1
DA:48,3
DA:49,1
DA:59,1
DA:61,3
DA:65,3
DA:67,1
DA:68,1
DA:69,1
DA:72,3
DA:80,1
DA:81,1
DA:84,1
DA:92,1
DA:93,1
DA:98,1
DA:106,1
DA:108,1
DA:110,1
LF:29
LH:29
BRDA:65,0,0,1
BRDA:65,0,1,2
BRF:2
BRH:2
end_of_record
TN:
SF:/Users/manmanliang/Project/team-13-spring18/app/models/movie.js
FN:46,(anonymous_0)
FN:50,(anonymous_1)
FN:54,(anonymous_2)
FN:58,(anonymous_3)
FN:62,(anonymous_4)
FN:73,(anonymous_5)
FNF:6
FNH:5
FNDA:8,(anonymous_0)
FNDA:8,(anonymous_1)
FNDA:8,(anonymous_2)
FNDA:8,(anonymous_3)
FNDA:8,(anonymous_4)
FNDA:0,(anonymous_5)
DA:7,1
DA:9,1
DA:12,1
DA:14,1
DA:16,1
DA:23,1
DA:33,1
DA:46,1
DA:47,8
DA:50,1
DA:51,8
DA:54,1
DA:55,8
DA:58,1
DA:59,8
DA:62,1
DA:63,8
DA:72,1
DA:74,0
DA:86,1
DA:88,1
DA:92,1
DA:94,1
LF:23
LH:22
BRF:0
BRH:0
end_of_record
TN:
SF:/Users/manmanliang/Project/team-13-spring18/app/models/rate.js
FN:80,(anonymous_0)
FN:91,(anonymous_1)
FN:95,(anonymous_2)
FN:104,(anonymous_3)
FN:111,(anonymous_4)
FN:117,(anonymous_5)
FN:123,(anonymous_6)
FN:127,(anonymous_7)
FN:140,(anonymous_8)
FN:146,(anonymous_9)
FNF:10
FNH:4
FNDA:0,(anonymous_0)
FNDA:0,(anonymous_1)
FNDA:3,(anonymous_2)
FNDA:2,(anonymous_3)
FNDA:0,(anonymous_4)
FNDA:1,(anonymous_5)
FNDA:0,(anonymous_6)
FNDA:2,(anonymous_7)
FNDA:0,(anonymous_8)
FNDA:0,(anonymous_9)
DA:7,1
DA:8,1
DA:9,1
DA:12,1
DA:14,1
DA:15,1
DA:17,1
DA:19,1
DA:26,1
DA:48,1
DA:55,1
DA:63,1
DA:66,1
DA:67,1
DA:70,1
DA:80,1
DA:82,0
DA:89,1
DA:91,2
DA:92,0
DA:96,3
DA:102,2
DA:105,2
DA:109,2
DA:112,0
DA:115,0
DA:118,1
DA:121,1
DA:124,0
DA:125,0
DA:128,2
DA:141,0
DA:147,0
DA:158,1
DA:160,1
DA:162,1
LF:36
LH:28
BRDA:82,0,0,0
BRDA:82,0,1,0
BRDA:92,1,0,0
BRDA:92,1,1,0
BRF:4
BRH:0
end_of_record
TN:
SF:/Users/manmanliang/Project/team-13-spring18/app/models/review.js
FN:80,(anonymous_0)
FN:91,(anonymous_1)
FN:95,(anonymous_2)
FN:104,(anonymous_3)
FN:111,(anonymous_4)
FN:117,(anonymous_5)
FN:123,(anonymous_6)
FN:127,(anonymous_7)
FN:140,(anonymous_8)
FN:146,(anonymous_9)
FNF:10
FNH:4
FNDA:0,(anonymous_0)
FNDA:0,(anonymous_1)
FNDA:2,(anonymous_2)
FNDA:2,(anonymous_3)
FNDA:0,(anonymous_4)
FNDA:0,(anonymous_5)
FNDA:0,(anonymous_6)
FNDA:2,(anonymous_7)
FNDA:1,(anonymous_8)
FNDA:0,(anonymous_9)
DA:7,1
DA:8,1
DA:9,1
DA:12,1
DA:14,1
DA:15,1
DA:17,1
DA:19,1
DA:26,1
DA:48,1
DA:55,1
DA:63,1
DA:66,1
DA:67,1
DA:70,1
DA:80,1
DA:82,0
DA:89,1
DA:91,1
DA:92,0
DA:96,2
DA:102,1
DA:105,2
DA:109,2
DA:112,0
DA:115,0
DA:118,0
DA:121,0
DA:124,0
DA:125,0
DA:128,2
DA:141,1
DA:147,0
DA:158,1
DA:160,1
DA:162,1
LF:36
LH:27
BRDA:92,0,0,0
BRDA:92,0,1,0
BRF:2
BRH:0
end_of_record
TN:
SF:/Users/manmanliang/Project/team-13-spring18/app/models/user.js
FN:35,(anonymous_0)
FN:43,(anonymous_1)
FN:48,(anonymous_2)
FN:57,(anonymous_3)
FN:63,(anonymous_4)
FN:68,(anonymous_5)
FN:78,(anonymous_6)
FN:82,(anonymous_7)
FN:90,(anonymous_8)
FN:114,(anonymous_9)
FN:125,(anonymous_10)
FN:137,(anonymous_11)
FN:164,(anonymous_12)
FN:171,(anonymous_13)
FN:182,(anonymous_14)
FN:196,(anonymous_15)
FNF:16
FNH:14
FNDA:10,(anonymous_0)
FNDA:12,(anonymous_1)
FNDA:10,(anonymous_2)
FNDA:10,(anonymous_3)
FNDA:10,(anonymous_4)
FNDA:10,(anonymous_5)
FNDA:10,(anonymous_6)
FNDA:10,(anonymous_7)
FNDA:10,(anonymous_8)
FNDA:0,(anonymous_9)
FNDA:12,(anonymous_10)
FNDA:12,(anonymous_11)
FNDA:0,(anonymous_12)
FNDA:1,(anonymous_13)
FNDA:1,(anonymous_14)
FNDA:2,(anonymous_15)
DA:7,1
DA:8,1
DA:9,1
DA:11,1
DA:13,1
DA:19,1
DA:28,1
DA:35,10
DA:41,1
DA:44,12
DA:45,12
DA:46,12
DA:49,10
DA:57,1
DA:58,10
DA:61,1
DA:64,10
DA:67,10
DA:68,10
DA:69,10
DA:71,0
DA:78,1
DA:79,10
DA:82,1
DA:83,10
DA:90,1
DA:91,10
DA:93,10
DA:94,0
DA:96,10
DA:104,1
DA:115,0
DA:126,12
DA:138,12
DA:139,12
DA:140,12
DA:145,0
DA:155,1
DA:165,0
DA:166,0
DA:172,1
DA:175,0
DA:176,0
DA:177,0
DA:178,0
DA:179,0
DA:183,1
DA:193,1
DA:197,2
DA:198,2
DA:206,2
DA:210,1
DA:213,1
LF:53
LH:42
BRDA:35,0,0,10
BRDA:35,0,1,10
BRDA:67,1,0,10
BRDA:67,1,1,0
BRDA:67,2,0,10
BRDA:67,2,1,0
BRDA:69,3,0,10
BRDA:69,3,1,10
BRDA:79,4,0,10
BRDA:79,4,1,10
BRDA:91,5,0,0
BRDA:91,5,1,10
BRDA:93,6,0,0
BRDA:93,6,1,10
BRDA:138,7,0,0
BRDA:138,7,1,12
BRDA:165,8,0,0
BRDA:165,8,1,0
BRF:18
BRH:11
end_of_record
TN:
SF:/Users/manmanliang/Project/team-13-spring18/app/models/utils.js
FN:2,incrementVersionNumberForQuery
FN:7,incrementVersionNumberForSchema
FNF:2
FNH:1
FNDA:0,incrementVersionNumberForQuery
FNDA:11,incrementVersionNumberForSchema
DA:3,0
DA:4,0
DA:8,11
DA:9,11
DA:12,1
LF:5
LH:3
BRF:0
BRH:0
end_of_record
TN:
SF:/Users/manmanliang/Project/team-13-spring18/app/module/friends.js
FN:9,updateFriendOrCreateIfNotExist
FN:16,determineIsFriendOfUser
FN:20,deleteFriend
FNF:3
FNH:3
FNDA:1,updateFriendOrCreateIfNotExist
FNDA:1,determineIsFriendOfUser
FNDA:1,deleteFriend
DA:2,1
DA:4,1
DA:5,1
DA:7,1
DA:10,1
DA:17,1
DA:21,1
DA:24,1
LF:8
LH:8
BRF:0
BRH:0
end_of_record
TN:
SF:/Users/manmanliang/Project/team-13-spring18/app/module/likes.js
FN:13,findUserWithId
FN:24,movieIdentityPredicate
FN:25,(anonymous_2)
FN:30,findMovieInLikedList
FN:34,like
FN:61,unlike
FN:88,findMoviesLikedByUserId
FN:96,findUsersLikeMovieId
FN:107,(anonymous_8)
FNF:9
FNH:9
FNDA:2,findUserWithId
FNDA:2,movieIdentityPredicate
FNDA:1,(anonymous_2)
FNDA:2,findMovieInLikedList
FNDA:4,like
FNDA:4,unlike
FNDA:2,findMoviesLikedByUserId
FNDA:2,findUsersLikeMovieId
FNDA:1,(anonymous_8)
DA:2,1
DA:4,1
DA:5,1
DA:6,1
DA:7,1
DA:9,1
DA:10,1
DA:11,1
DA:14,2
DA:18,2
DA:19,1
DA:21,1
DA:25,2
DA:26,1
DA:31,2
DA:35,4
DA:39,3
DA:40,1
DA:43,2
DA:47,2
DA:48,1
DA:51,1
DA:53,1
DA:54,1
DA:55,1
DA:58,1
DA:62,4
DA:66,3
DA:67,1
DA:70,2
DA:74,2
DA:75,1
DA:78,1
DA:80,1
DA:81,1
DA:82,1
DA:85,1
DA:89,2
DA:91,1
DA:93,1
DA:98,2
DA:102,2
DA:103,1
DA:105,1
DA:107,1
DA:108,1
DA:111,1
DA:115,1
LF:48
LH:48
BRDA:18,0,0,1
BRDA:18,0,1,1
BRDA:39,1,0,1
BRDA:39,1,1,2
BRDA:47,2,0,1
BRDA:47,2,1,1
BRDA:53,3,0,1
BRDA:53,3,1,0
BRDA:66,4,0,1
BRDA:66,4,1,2
BRDA:74,5,0,1
BRDA:74,5,1,1
BRDA:80,6,0,1
BRDA:80,6,1,0
BRDA:102,7,0,1
BRDA:102,7,1,1
BRF:16
BRH:14
end_of_record
TN:
SF:/Users/manmanliang/Project/team-13-spring18/app/module/movies.js
FN:8,createMovieIfNotExist
FNF:1
FNH:1
FNDA:1,createMovieIfNotExist
DA:2,1
DA:4,1
DA:5,1
DA:6,1
DA:9,1
DA:13,1
DA:15,1
DA:16,1
DA:18,0
DA:23,1
LF:10
LH:9
BRDA:13,0,0,1
BRDA:13,0,1,0
BRF:2
BRH:1
end_of_record
TN:
SF:/Users/manmanliang/Project/team-13-spring18/app/module/rates.js
FN:9,updateRateOrCreateIfNotExist
FN:17,deleteRateByUserIdAndMovieId
FN:24,findRateQuery
FN:50,calculateRateOfMovie
FN:56,(anonymous_4)
FNF:5
FNH:4
FNDA:2,updateRateOrCreateIfNotExist
FNDA:3,deleteRateByUserIdAndMovieId
FNDA:3,findRateQuery
FNDA:1,calculateRateOfMovie
FNDA:0,(anonymous_4)
DA:2,1
DA:4,1
DA:5,1
DA:7,1
DA:10,2
DA:18,3
DA:25,3
DA:26,3
DA:27,0
DA:28,3
DA:30,1
DA:33,2
DA:35,0
DA:38,2
DA:39,2
DA:44,0
DA:47,2
DA:51,1
DA:52,1
DA:53,1
DA:56,0
DA:57,0
DA:60,0
DA:61,0
DA:64,1
LF:25
LH:18
BRDA:26,0,0,0
BRDA:26,0,1,3
BRDA:26,1,0,3
BRDA:26,1,1,1
BRDA:28,2,0,1
BRDA:28,2,1,2
BRDA:28,3,0,3
BRDA:28,3,1,1
BRDA:33,4,0,0
BRDA:33,4,1,2
BRDA:33,5,0,2
BRDA:33,5,1,2
BRDA:38,6,0,2
BRDA:38,6,1,0
BRDA:38,7,0,2
BRDA:38,7,1,2
BRDA:52,8,0,1
BRDA:52,8,1,0
BRF:18
BRH:14
end_of_record
TN:
SF:/Users/manmanliang/Project/team-13-spring18/app/module/reviews.js
FN:9,updateReviewOrCreateIfNotExist
FN:17,deleteReviewByUserIdAndMovieId
FN:24,findReviewQuery
FNF:3
FNH:3
FNDA:2,updateReviewOrCreateIfNotExist
FNDA:1,deleteReviewByUserIdAndMovieId
FNDA:2,findReviewQuery
DA:2,1
DA:4,1
DA:5,1
DA:7,1
DA:10,2
DA:18,1
DA:25,2
DA:26,2
DA:27,0
DA:28,2
DA:30,0
DA:33,2
DA:35,0
DA:38,2
DA:39,2
DA:44,0
DA:47,1
DA:50,1
LF:18
LH:14
BRDA:26,0,0,0
BRDA:26,0,1,2
BRDA:26,1,0,2
BRDA:26,1,1,0
BRDA:28,2,0,0
BRDA:28,2,1,2
BRDA:28,3,0,2
BRDA:28,3,1,0
BRDA:33,4,0,0
BRDA:33,4,1,2
BRDA:33,5,0,2
BRDA:33,5,1,2
BRDA:38,6,0,2
BRDA:38,6,1,0
BRDA:38,7,0,2
BRDA:38,7,1,2
BRF:16
BRH:10
end_of_record
TN:
SF:/Users/manmanliang/Project/team-13-spring18/app/module/users.js
FN:14,decodeToken
FN:15,(anonymous_1)
FN:16,(anonymous_2)
FN:26,generateJwtTokenForUser
FN:32,verifyMe
FN:53,getUser
FN:57,findUsersBySearch
FNF:7
FNH:7
FNDA:3,decodeToken
FNDA:3,(anonymous_1)
FNDA:3,(anonymous_2)
FNDA:3,generateJwtTokenForUser
FNDA:1,verifyMe
FNDA:1,getUser
FNDA:2,findUsersBySearch
DA:2,1
DA:3,1
DA:4,1
DA:6,1
DA:7,1
DA:15,3
DA:16,3
DA:17,3
DA:18,2
DA:21,3
DA:27,3
DA:33,1
DA:34,1
DA:35,0
DA:36,0
DA:40,0
DA:46,1
DA:54,1
DA:58,2
DA:59,2
DA:62,1
LF:21
LH:18
BRDA:17,0,0,2
BRDA:17,0,1,1
BRDA:35,1,0,0
BRDA:35,1,1,0
BRF:4
BRH:2
end_of_record
TN:
SF:/Users/manmanliang/Project/team-13-spring18/app/utils/joi.js
FN:2,sendJoiValidationError
FNF:1
FNH:0
FNDA:0,sendJoiValidationError
DA:3,0
DA:6,1
LF:2
LH:1
BRF:0
BRH:0
end_of_record
TN:
SF:/Users/manmanliang/Project/team-13-spring18/config/index.js
FNF:0
FNH:0
DA:7,1
DA:9,1
DA:12,1
DA:14,1
DA:15,1
DA:16,1
DA:19,1
DA:27,1
LF:8
LH:8
BRDA:31,0,0,1
BRDA:31,0,1,0
BRF:2
BRH:1
end_of_record
TN:
SF:/Users/manmanliang/Project/team-13-spring18/config/util.js
FN:8,checkRequiredEnv
FN:13,(anonymous_1)
FNF:2
FNH:1
FNDA:1,checkRequiredEnv
FNDA:0,(anonymous_1)
DA:1,1
DA:3,1
DA:9,1
DA:10,1
DA:13,0
DA:14,0
DA:17,0
DA:18,0
DA:22,1
LF:9
LH:5
BRDA:9,0,0,1
BRDA:9,0,1,0
BRDA:9,1,0,1
BRDA:9,1,1,0
BRDA:17,2,0,0
BRDA:17,2,1,0
BRF:6
BRH:2
end_of_record
TN:
SF:/Users/manmanliang/Project/team-13-spring18/config/env/development.js
FNF:0
FNH:0
DA:7,1
LF:1
LH:1
BRF:0
BRH:0
end_of_record
TN:
SF:/Users/manmanliang/Project/team-13-spring18/config/env/production.js
FNF:0
FNH:0
DA:7,1
LF:1
LH:1
BRF:0
BRH:0
end_of_record
TN:
SF:/Users/manmanliang/Project/team-13-spring18/config/env/test.js
FNF:0
FNH:0
DA:7,1
LF:1
LH:1
BRF:0
BRH:0
end_of_record
